[ AutoCAD LT - Wed Jun 23 09:52:46 2021  ]----------------------------------------

Command: 
Command: LI
LIST 17 found

                  LWPOLYLINE  Layer: "ñ êœ4"
                            Space: Model space
                   Color: BYLAYER    Linetype: "CONTINUOUS"
                   Handle = e126275
                   Group = *A17
            Closed 
    Constant width    0.0000
              area   3767780.9525
         perimeter   30807.1898 

          at point  X=142470.6255  Y=631231.8284  Z=   0.0000
          at point  X=142513.2159  Y=631243.4158  Z=   0.0000
          at point  X=144380.2387  Y=632215.1155  Z=   0.0000
          at point  X=144336.2669  Y=632463.1582  Z=   0.0000
          at point  X=142465.5457  Y=631489.5337  Z=   0.0000
          at point  X=142412.4341  Y=631475.0838  Z=   0.0000
          at point  X=133373.1272  Y=629605.2649  Z=   0.0000
          at point  X=129707.3335  Y=628746.1159  Z=   0.0000
          at point  X=129764.6895  Y=628502.7841  Z=   0.0000
          at point  X=133426.9805  Y=629361.1121  Z=   0.0000

                  LWPOLYLINE  Layer: "ñ êœ4"
                            Space: Model space
                   Color: BYLAYER    Linetype: "CONTINUOUS"
                   Handle = e117fc0
                   Group = *A17
            Closed 
    Constant width    0.0000
              area   18952662.8429
         perimeter   89206.5440 

          at point  X=145789.0711  Y=398237.4789  Z=   0.0000
          at point  X=148445.9471  Y=397182.9862  Z=   0.0000
          at point  X=148187.7178  Y=396532.3575  Z=   0.0000
          at point  X=155854.5154  Y=393489.4672  Z=   0.0000
          at point  X=158877.0494  Y=392289.8477  Z=   0.0000
          at point  X=158969.2741  Y=392522.2151  Z=   0.0000
          at point  X=161757.6826  Y=391415.5182  Z=   0.0000
          at point  X=161665.4579  Y=391183.1508  Z=   0.0000
          at point  X=164057.1865  Y=390233.8930  Z=   0.0000
          at point  X=164181.0593  Y=390534.3907  Z=   0.0000
          at point  X=162017.7174  Y=391393.0037  Z=   0.0000
          at point  X=161877.5748  Y=391717.5958  Z=   0.0000
          at point  X=159089.1663  Y=392824.2927  Z=   0.0000
          at point  X=158764.5742  Y=392684.1501  Z=   0.0000
          at point  X=155847.3815  Y=393841.9604  Z=   0.0000
          at point  X=148991.6589  Y=396641.5109  Z=   0.0000
          at point  X=148595.3512  Y=397559.4213  Z=   0.0000
          at point  X=145714.3559  Y=398702.8652  Z=   0.0000
          at point  X=142007.9126  Y=396252.2657  Z=   0.0000
          at point  X=141853.7961  Y=396210.3358  Z=   0.0000
          at point  X=132856.1361  Y=394349.1317  Z=   0.0000
          at point  X=131290.8157  Y=393982.2689  Z=   0.0000
          at point  X=123412.8728  Y=392220.8911  Z=   0.0000
          at point  X=123438.3680  Y=392127.3016  Z=   0.0000
          at point  X=131428.4701  Y=393398.2725  Z=   0.0000
          at point  X=132985.3839  Y=393763.1650  Z=   0.0000
          at point  X=141993.4556  Y=395626.5228  Z=   0.0000
Press ENTER to continue: 
          at point  X=142122.3209  Y=395661.5827  Z=   0.0000

                  LWPOLYLINE  Layer: "ñ êœ4"
                            Space: Model space
                   Color: BYLAYER    Linetype: "CONTINUOUS"
                   Handle = e11810c
                   Group = *A17
            Closed 
    Constant width    0.0000
              area   12850687.0404
         perimeter   89869.2524 

          at point  X=145649.7872  Y=373370.1598  Z=   0.0000
          at point  X=141979.1198  Y=370666.0298  Z=   0.0000
          at point  X=141818.6484  Y=370622.3710  Z=   0.0000
          at point  X=132823.6088  Y=368761.7090  Z=   0.0000
          at point  X=131256.1727  Y=368394.3503  Z=   0.0000
          at point  X=123373.1845  Y=366631.6911  Z=   0.0000
          at point  X=123438.3680  Y=366392.4105  Z=   0.0000
          at point  X=131306.7588  Y=368199.7596  Z=   0.0000
          at point  X=132866.9068  Y=368565.4101  Z=   0.0000
          at point  X=141865.4344  Y=370426.7937  Z=   0.0000
          at point  X=142017.4466  Y=370468.1510  Z=   0.0000
          at point  X=145724.5024  Y=372904.7735  Z=   0.0000
          at point  X=148575.0617  Y=371773.4094  Z=   0.0000
          at point  X=148316.8324  Y=371122.7808  Z=   0.0000
          at point  X=155849.0278  Y=368025.7248  Z=   0.0000
          at point  X=158969.2741  Y=366787.3241  Z=   0.0000
          at point  X=159061.4989  Y=367019.6915  Z=   0.0000
          at point  X=161849.9074  Y=365912.9945  Z=   0.0000
          at point  X=161757.6826  Y=365680.6272  Z=   0.0000
          at point  X=164152.4733  Y=364730.1540  Z=   0.0000
          at point  X=164276.3461  Y=365030.6517  Z=   0.0000
          at point  X=162109.9422  Y=365890.4800  Z=   0.0000
          at point  X=161969.7995  Y=366215.0721  Z=   0.0000
          at point  X=159181.3910  Y=367321.7690  Z=   0.0000
          at point  X=158856.7989  Y=367181.6264  Z=   0.0000
          at point  X=155841.8939  Y=368378.2180  Z=   0.0000
          at point  X=149125.8896  Y=371220.0848  Z=   0.0000
          at point  X=148724.4658  Y=372149.8446  Z=   0.0000

                  LWPOLYLINE  Layer: "ñ êœ4"
                            Space: Model space
                   Color: BYLAYER    Linetype: "CONTINUOUS"
                   Handle = e118371
                   Group = *A17
            Closed 
    Constant width    0.0000
              area   12938096.6748
         perimeter   90567.8994 

          at point  X=145585.2185  Y=340107.2365  Z=   0.0000
          at point  X=141950.5177  Y=337148.5916  Z=   0.0000
          at point  X=141783.7336  Y=337103.2153  Z=   0.0000
          at point  X=132791.2968  Y=335243.0917  Z=   0.0000
          at point  X=131222.1937  Y=334875.3423  Z=   0.0000
          at point  X=123333.4560  Y=333112.4203  Z=   0.0000
          at point  X=123398.9436  Y=332872.0235  Z=   0.0000
          at point  X=131267.2034  Y=334679.4446  Z=   0.0000
          at point  X=132834.5948  Y=335046.7928  Z=   0.0000
Press ENTER to continue: 
          at point  X=141830.5195  Y=336907.6380  Z=   0.0000
          at point  X=141988.8445  Y=336950.7128  Z=   0.0000
          at point  X=145659.9337  Y=339641.8502  Z=   0.0000
          at point  X=148704.1764  Y=338433.6148  Z=   0.0000
          at point  X=148445.9471  Y=337782.9862  Z=   0.0000
          at point  X=155843.5401  Y=334631.7644  Z=   0.0000
          at point  X=159061.4989  Y=333354.5825  Z=   0.0000
          at point  X=159153.7236  Y=333586.9499  Z=   0.0000
          at point  X=161942.1321  Y=332480.2530  Z=   0.0000
          at point  X=161849.9074  Y=332247.8856  Z=   0.0000
          at point  X=164247.7601  Y=331296.1971  Z=   0.0000
          at point  X=164371.6329  Y=331596.6948  Z=   0.0000
          at point  X=162202.1669  Y=332457.7384  Z=   0.0000
          at point  X=162062.0243  Y=332782.3305  Z=   0.0000
          at point  X=159273.6158  Y=333889.0275  Z=   0.0000
          at point  X=158949.0237  Y=333748.8848  Z=   0.0000
          at point  X=155836.4062  Y=334984.2577  Z=   0.0000
          at point  X=149260.3956  Y=337867.8029  Z=   0.0000
          at point  X=148853.5804  Y=338810.0500  Z=   0.0000

                  LWPOLYLINE  Layer: "ñ êœ4"
                            Space: Model space
                   Color: BYLAYER    Linetype: "CONTINUOUS"
                   Handle = e1192d4
                   Group = *A17
            Closed 
    Constant width    0.0000
              area   13112437.6097
         perimeter   92036.4016 

          at point  X=149111.8097  Y=280060.6786  Z=   0.0000
          at point  X=145456.0812  Y=281511.6079  Z=   0.0000
          at point  X=141893.3136  Y=278043.9331  Z=   0.0000
          at point  X=141713.9038  Y=277995.1218  Z=   0.0000
          at point  X=132726.6729  Y=276136.0750  Z=   0.0000
          at point  X=131153.7379  Y=275767.4276  Z=   0.0000
          at point  X=123254.0530  Y=274003.8991  Z=   0.0000
          at point  X=123320.0927  Y=273761.4755  Z=   0.0000
          at point  X=131198.3180  Y=275571.4292  Z=   0.0000
          at point  X=132769.9709  Y=275939.7762  Z=   0.0000
          at point  X=141760.6897  Y=277799.5444  Z=   0.0000
          at point  X=141931.6404  Y=277846.0543  Z=   0.0000
          at point  X=145530.7964  Y=281046.2216  Z=   0.0000
          at point  X=148962.4056  Y=279684.2435  Z=   0.0000
          at point  X=148704.1764  Y=279033.6148  Z=   0.0000
          at point  X=155832.5649  Y=275774.0617  Z=   0.0000
          at point  X=159245.9484  Y=274419.3172  Z=   0.0000
          at point  X=159338.1731  Y=274651.6846  Z=   0.0000
          at point  X=161661.8468  Y=273729.4372  Z=   0.0000
          at point  X=162126.5816  Y=273544.9877  Z=   0.0000
          at point  X=162034.3568  Y=273312.6203  Z=   0.0000
          at point  X=164438.3337  Y=272358.5013  Z=   0.0000
          at point  X=164562.2065  Y=272658.9990  Z=   0.0000
          at point  X=162386.6164  Y=273522.4732  Z=   0.0000
          at point  X=162246.4738  Y=273847.0653  Z=   0.0000
          at point  X=159458.0653  Y=274953.7622  Z=   0.0000
          at point  X=159133.4731  Y=274813.6196  Z=   0.0000
          at point  X=155825.4310  Y=276126.5549  Z=   0.0000
          at point  X=149530.3277  Y=279091.3259  Z=   0.0000
Press ENTER to continue: 

                  LWPOLYLINE  Layer: "ñ êœ4"
                            Space: Model space
                   Color: BYLAYER    Linetype: "CONTINUOUS"
                   Handle = e119304
                   Group = *A17
            Closed 
    Constant width    0.0000
              area   13025138.8771
         perimeter   91290.7939 

          at point  X=148982.6951  Y=313400.4732  Z=   0.0000
          at point  X=145520.6499  Y=314774.5312  Z=   0.0000
          at point  X=141921.9157  Y=311561.3713  Z=   0.0000
          at point  X=141748.8187  Y=311514.2775  Z=   0.0000
          at point  X=132758.9849  Y=309654.6923  Z=   0.0000
          at point  X=131187.3455  Y=309286.3485  Z=   0.0000
          at point  X=123293.7545  Y=307523.2687  Z=   0.0000
          at point  X=123359.5181  Y=307281.8585  Z=   0.0000
          at point  X=131233.4604  Y=309090.7066  Z=   0.0000
          at point  X=132802.2829  Y=309458.3935  Z=   0.0000
          at point  X=141795.6046  Y=311318.7002  Z=   0.0000
          at point  X=141960.2424  Y=311363.4925  Z=   0.0000
          at point  X=145595.3650  Y=314309.1449  Z=   0.0000
          at point  X=148833.2910  Y=313024.0381  Z=   0.0000
          at point  X=148575.0617  Y=312373.4094  Z=   0.0000
          at point  X=155838.0525  Y=309168.0220  Z=   0.0000
          at point  X=159153.7236  Y=307852.0588  Z=   0.0000
          at point  X=159245.9484  Y=308084.4262  Z=   0.0000
          at point  X=162034.3568  Y=306977.7293  Z=   0.0000
          at point  X=161942.1321  Y=306745.3619  Z=   0.0000
          at point  X=164343.0469  Y=305792.4582  Z=   0.0000
          at point  X=164466.9197  Y=306092.9558  Z=   0.0000
          at point  X=162294.3916  Y=306955.2148  Z=   0.0000
          at point  X=162154.2490  Y=307279.8069  Z=   0.0000
          at point  X=159365.8405  Y=308386.5038  Z=   0.0000
          at point  X=159041.2484  Y=308246.3612  Z=   0.0000
          at point  X=155830.9186  Y=309520.5152  Z=   0.0000
          at point  X=149395.1998  Y=312445.0482  Z=   0.0000

                  LWPOLYLINE  Layer: "ñ êœ4"
                            Space: Model space
                   Color: BYLAYER    Linetype: "CONTINUOUS"
                   Handle = e12626d
                   Group = *A17
            Closed 
    Constant width    0.0000
              area   15062301.2353
         perimeter   88600.1056 

          at point  X=145936.6567  Y=430983.3063  Z=   0.0000
          at point  X=148150.8279  Y=430104.5195  Z=   0.0000
          at point  X=148021.7133  Y=429779.2052  Z=   0.0000
          at point  X=153158.3962  Y=427810.9833  Z=   0.0000
          at point  X=155862.1980  Y=426774.9681  Z=   0.0000
          at point  X=158747.9347  Y=425629.6424  Z=   0.0000
          at point  X=158840.1595  Y=425862.0098  Z=   0.0000
          at point  X=161628.5680  Y=424755.3128  Z=   0.0000
          at point  X=161536.3432  Y=424522.9455  Z=   0.0000
          at point  X=162930.4691  Y=423969.6281  Z=   0.0000
Press ENTER to continue: 
          at point  X=162962.9322  Y=424051.4214  Z=   0.0000
          at point  X=163957.3259  Y=423656.7546  Z=   0.0000
          at point  X=164057.1865  Y=423899.0019  Z=   0.0000
          at point  X=161897.8253  Y=424756.0351  Z=   0.0000
          at point  X=161757.6826  Y=425080.6272  Z=   0.0000
          at point  X=158969.2741  Y=426187.3241  Z=   0.0000
          at point  X=158644.6820  Y=426047.1815  Z=   0.0000
          at point  X=155854.5154  Y=427154.5762  Z=   0.0000
          at point  X=148506.3338  Y=429816.2817  Z=   0.0000
          at point  X=148261.4976  Y=430383.3604  Z=   0.0000
          at point  X=145881.3121  Y=431328.0369  Z=   0.0000
          at point  X=142103.2528  Y=429425.1388  Z=   0.0000
          at point  X=141970.1790  Y=429388.9339  Z=   0.0000
          at point  X=132963.8426  Y=427525.9351  Z=   0.0000
          at point  X=129271.4279  Y=426660.5470  Z=   0.0000
          at point  X=129029.9663  Y=426270.1492  Z=   0.0000
          at point  X=127398.7555  Y=425887.8437  Z=   0.0000
          at point  X=127157.2940  Y=425497.4459  Z=   0.0000
          at point  X=125526.0832  Y=425115.1404  Z=   0.0000
          at point  X=125340.3435  Y=424814.8344  Z=   0.0000
          at point  X=123802.8369  Y=424454.4903  Z=   0.0000
          at point  X=123894.8885  Y=424116.5803  Z=   0.0000
          at point  X=125663.7376  Y=424531.1439  Z=   0.0000
          at point  X=125606.3816  Y=424774.4758  Z=   0.0000
          at point  X=127553.6167  Y=425230.8477  Z=   0.0000
          at point  X=127473.3183  Y=425571.5123  Z=   0.0000
          at point  X=129420.5535  Y=426027.8841  Z=   0.0000
          at point  X=129363.1975  Y=426271.2160  Z=   0.0000
          at point  X=133050.0078  Y=427135.2906  Z=   0.0000
          at point  X=142063.2853  Y=428999.7253  Z=   0.0000
          at point  X=142179.5250  Y=429031.3501  Z=   0.0000

                  LWPOLYLINE  Layer: "ñ êœ4"
                            Space: Model space
                   Color: BYLAYER    Linetype: "CONTINUOUS"
                   Handle = e12626e
                   Group = *A17
            Closed 
    Constant width    0.0000
              area   14273705.7025
         perimeter   88145.8366 

          at point  X=148316.0326  Y=455456.7707  Z=   0.0000
          at point  X=148150.8279  Y=455839.4106  Z=   0.0000
          at point  X=145936.6567  Y=456718.1973  Z=   0.0000
          at point  X=142165.2240  Y=454840.0765  Z=   0.0000
          at point  X=142045.8279  Y=454807.5929  Z=   0.0000
          at point  X=133033.8518  Y=452943.4275  Z=   0.0000
          at point  X=129345.9907  Y=452079.1066  Z=   0.0000
          at point  X=129160.2510  Y=451778.8006  Z=   0.0000
          at point  X=127456.1115  Y=451379.4029  Z=   0.0000
          at point  X=127214.6500  Y=450989.0051  Z=   0.0000
          at point  X=125583.4392  Y=450606.6996  Z=   0.0000
          at point  X=125397.6995  Y=450306.3936  Z=   0.0000
          at point  X=123868.6029  Y=449948.0205  Z=   0.0000
          at point  X=123960.6396  Y=449610.1070  Z=   0.0000
          at point  X=125721.0936  Y=450022.7031  Z=   0.0000
          at point  X=125663.7376  Y=450266.0350  Z=   0.0000
          at point  X=127610.9727  Y=450722.4069  Z=   0.0000
Press ENTER to continue: 
          at point  X=127530.6743  Y=451063.0715  Z=   0.0000
          at point  X=129477.9095  Y=451519.4433  Z=   0.0000
          at point  X=129420.5535  Y=451762.7752  Z=   0.0000
          at point  X=133103.8610  Y=452626.0289  Z=   0.0000
          at point  X=142121.4768  Y=454491.3609  Z=   0.0000
          at point  X=142227.1951  Y=454520.1233  Z=   0.0000
          at point  X=143711.0089  Y=455275.0713  Z=   0.0000
          at point  X=145982.7772  Y=456430.9218  Z=   0.0000
          at point  X=148058.6032  Y=455607.0432  Z=   0.0000
          at point  X=147911.0436  Y=455235.2554  Z=   0.0000
          at point  X=155867.6857  Y=452238.7105  Z=   0.0000
          at point  X=158655.7100  Y=451132.1660  Z=   0.0000
          at point  X=158747.9347  Y=451364.5334  Z=   0.0000
          at point  X=159212.5911  Y=451180.1150  Z=   0.0000
          at point  X=161536.3432  Y=450257.8365  Z=   0.0000
          at point  X=161444.1185  Y=450025.4691  Z=   0.0000
          at point  X=163828.4962  Y=449079.1288  Z=   0.0000
          at point  X=163961.8997  Y=449402.7409  Z=   0.0000
          at point  X=161805.6005  Y=450258.5587  Z=   0.0000
          at point  X=161665.4579  Y=450583.1508  Z=   0.0000
          at point  X=158877.0494  Y=451689.8477  Z=   0.0000
          at point  X=158552.4573  Y=451549.7051  Z=   0.0000
          at point  X=155860.0030  Y=452618.3186  Z=   0.0000

                  LWPOLYLINE  Layer: "ñ êœ4"
                            Space: Model space
                   Color: BYLAYER    Linetype: "CONTINUOUS"
                   Handle = e12626f
                   Group = *A17
            Closed 
    Constant width    0.0000
              area   3253745.7467
         perimeter   24137.0945 

          at point  X=153115.7829  Y=487103.6158  Z=   0.0000
          at point  X=153023.5582  Y=486871.2484  Z=   0.0000
          at point  X=158600.3752  Y=484657.8546  Z=   0.0000
          at point  X=158655.7100  Y=484797.2750  Z=   0.0000
          at point  X=161444.1185  Y=483690.5781  Z=   0.0000
          at point  X=161388.7836  Y=483551.1577  Z=   0.0000
          at point  X=163771.3261  Y=482605.5457  Z=   0.0000
          at point  X=163866.6129  Y=482836.6978  Z=   0.0000
          at point  X=161713.3758  Y=483691.3003  Z=   0.0000
          at point  X=161573.2331  Y=484015.8924  Z=   0.0000
          at point  X=158784.8246  Y=485122.5893  Z=   0.0000
          at point  X=158460.2325  Y=484982.4467  Z=   0.0000

                  LWPOLYLINE  Layer: "ñ êœ4"
                            Space: Model space
                   Color: BYLAYER    Linetype: "CONTINUOUS"
                   Handle = e126270
                   Group = *A17
            Closed 
    Constant width    0.0000
              area   9100698.7054
         perimeter   53044.4988 

          at point  X=145908.0620  Y=490561.4171  Z=   0.0000
          at point  X=142212.8941  Y=488259.0676  Z=   0.0000
          at point  X=142104.0193  Y=488229.4465  Z=   0.0000
Press ENTER to continue: 
          at point  X=133087.7051  Y=486364.3837  Z=   0.0000
          at point  X=129403.3467  Y=485500.8837  Z=   0.0000
          at point  X=129217.6070  Y=485200.5777  Z=   0.0000
          at point  X=127513.4675  Y=484801.1800  Z=   0.0000
          at point  X=127272.0060  Y=484410.7822  Z=   0.0000
          at point  X=125640.7952  Y=484028.4767  Z=   0.0000
          at point  X=125380.7597  Y=483608.0483  Z=   0.0000
          at point  X=123960.6396  Y=483275.2160  Z=   0.0000
          at point  X=124003.2806  Y=483118.8199  Z=   0.0000
          at point  X=125271.4514  Y=483416.0392  Z=   0.0000
          at point  X=125291.5239  Y=483330.8821  Z=   0.0000
          at point  X=125778.4496  Y=483444.4802  Z=   0.0000
          at point  X=125721.0936  Y=483687.8121  Z=   0.0000
          at point  X=126209.9601  Y=483802.3873  Z=   0.0000
          at point  X=127668.3287  Y=484144.1840  Z=   0.0000
          at point  X=127588.0303  Y=484484.8486  Z=   0.0000
          at point  X=129535.2655  Y=484941.2204  Z=   0.0000
          at point  X=129477.9095  Y=485184.5523  Z=   0.0000
          at point  X=133157.7143  Y=486046.9851  Z=   0.0000
          at point  X=142179.6682  Y=487913.2144  Z=   0.0000
          at point  X=142274.8653  Y=487939.1143  Z=   0.0000
          at point  X=143368.2414  Y=488538.2730  Z=   0.0000
          at point  X=146001.2254  Y=489981.1206  Z=   0.0000
          at point  X=148021.7133  Y=489179.2052  Z=   0.0000
          at point  X=148208.0072  Y=489648.5873  Z=   0.0000

                  LWPOLYLINE  Layer: "ñ êœ4"
                            Space: Model space
                   Color: BYLAYER    Linetype: "CONTINUOUS"
                   Handle = e126271
                   Group = *A17
            Closed 
    Constant width    0.0000
              area   750000.0000
         perimeter   6500.0000 

          at point  X=158692.5999  Y=510625.1130  Z=   0.0000
          at point  X=158600.3752  Y=510392.7456  Z=   0.0000
          at point  X=161388.7836  Y=509286.0487  Z=   0.0000
          at point  X=161481.0084  Y=509518.4161  Z=   0.0000

                  LWPOLYLINE  Layer: "ñ êœ4"
                            Space: Model space
                   Color: BYLAYER    Linetype: "CONTINUOUS"
                   Handle = e126272
                   Group = *A17
            Closed 
    Constant width    0.0000
              area   6734525.3446
         perimeter   44042.7083 

          at point  X=144066.7235  Y=547729.8383  Z=   0.0000
          at point  X=144578.1572  Y=547996.0160  Z=   0.0000
          at point  X=144194.2166  Y=548148.3990  Z=   0.0000
          at point  X=142308.2343  Y=547166.8318  Z=   0.0000
          at point  X=142220.4023  Y=547142.9357  Z=   0.0000
          at point  X=133195.4115  Y=545276.0781  Z=   0.0000
          at point  X=129518.0587  Y=544414.2200  Z=   0.0000
          at point  X=129332.3190  Y=544113.9140  Z=   0.0000
          at point  X=127628.1795  Y=543714.5163  Z=   0.0000
Press ENTER to continue: 
          at point  X=127386.7180  Y=543324.1185  Z=   0.0000
          at point  X=125755.5072  Y=542941.8130  Z=   0.0000
          at point  X=125495.4717  Y=542521.3846  Z=   0.0000
          at point  X=124092.1419  Y=542192.4874  Z=   0.0000
          at point  X=124131.6408  Y=542047.6801  Z=   0.0000
          at point  X=125870.2192  Y=542455.1493  Z=   0.0000
          at point  X=125835.8056  Y=542601.1484  Z=   0.0000
          at point  X=127783.0407  Y=543057.5203  Z=   0.0000
          at point  X=127702.7423  Y=543398.1849  Z=   0.0000
          at point  X=128191.4231  Y=543512.7166  Z=   0.0000
          at point  X=129649.9775  Y=543854.5567  Z=   0.0000
          at point  X=129592.6215  Y=544097.8886  Z=   0.0000
          at point  X=130081.6118  Y=544212.4928  Z=   0.0000
          at point  X=133265.4208  Y=544958.6795  Z=   0.0000
          at point  X=142296.0512  Y=546826.7036  Z=   0.0000
          at point  X=142370.2055  Y=546846.8785  Z=   0.0000

                  LWPOLYLINE  Layer: "ñ êœ4"
                            Space: Model space
                   Color: BYLAYER    Linetype: "CONTINUOUS"
                   Handle = e126273
                   Group = *A17
            Closed 
    Constant width    0.0000
              area   6289065.2636
         perimeter   40709.4847 

          at point  X=142354.2426  Y=572318.3392  Z=   0.0000
          at point  X=142417.8756  Y=572335.6516  Z=   0.0000
          at point  X=143677.3882  Y=572991.1701  Z=   0.0000
          at point  X=144873.4962  Y=573613.6894  Z=   0.0000
          at point  X=144489.5555  Y=573766.0724  Z=   0.0000
          at point  X=142355.9045  Y=572655.6049  Z=   0.0000
          at point  X=142278.5937  Y=572634.5713  Z=   0.0000
          at point  X=133249.2648  Y=570766.8164  Z=   0.0000
          at point  X=129575.4147  Y=569905.7792  Z=   0.0000
          at point  X=129389.6750  Y=569605.4732  Z=   0.0000
          at point  X=127685.5355  Y=569206.0755  Z=   0.0000
          at point  X=127444.0740  Y=568815.6777  Z=   0.0000
          at point  X=125812.8632  Y=568433.3722  Z=   0.0000
          at point  X=125870.2192  Y=568190.0403  Z=   0.0000
          at point  X=127817.4543  Y=568646.4122  Z=   0.0000
          at point  X=127760.0983  Y=568889.7440  Z=   0.0000
          at point  X=129707.3335  Y=569346.1159  Z=   0.0000
          at point  X=129649.9775  Y=569589.4478  Z=   0.0000
          at point  X=133319.2740  Y=570449.4177  Z=   0.0000

                  LWPOLYLINE  Layer: "ñ êœ4"
                            Space: Model space
                   Color: BYLAYER    Linetype: "CONTINUOUS"
                   Handle = e126274
                   Group = *A17
            Closed 
    Constant width    0.0000
              area   7398136.0051
         perimeter   37423.1657 

          at point  X=142435.7107  Y=605642.8906  Z=   0.0000
          at point  X=142484.6138  Y=605656.1955  Z=   0.0000
          at point  X=145295.3845  Y=607119.0727  Z=   0.0000
Press ENTER to continue: 
          at point  X=145224.2417  Y=607542.6238  Z=   0.0000
          at point  X=142403.5746  Y=606074.5960  Z=   0.0000
          at point  X=142336.7852  Y=606056.4248  Z=   0.0000
          at point  X=133303.1180  Y=604187.7725  Z=   0.0000
          at point  X=129632.7707  Y=603327.5563  Z=   0.0000
          at point  X=129391.3091  Y=602937.1585  Z=   0.0000
          at point  X=127760.0983  Y=602554.8530  Z=   0.0000
          at point  X=127817.4543  Y=602311.5212  Z=   0.0000
          at point  X=129764.6895  Y=602767.8930  Z=   0.0000
          at point  X=129730.2759  Y=602913.8921  Z=   0.0000
          at point  X=133394.6685  Y=603772.7128  Z=   0.0000

                  LWPOLYLINE  Layer: "ñ êœ4"
                            Space: Model space
                   Color: BYLAYER    Linetype: "CONTINUOUS"
                   Handle = e126277
                   Group = *A17
            Closed 
    Constant width    0.0000
              area   8464913.3758
         perimeter   52317.7376 

          at point  X=142237.8597  Y=513404.8501  Z=   0.0000
          at point  X=142322.5354  Y=513427.8874  Z=   0.0000
          at point  X=144456.0588  Y=514538.2885  Z=   0.0000
          at point  X=146056.5699  Y=515371.2811  Z=   0.0000
          at point  X=147911.0436  Y=514635.2554  Z=   0.0000
          at point  X=148040.1582  Y=514960.5697  Z=   0.0000
          at point  X=145992.0013  Y=515773.4667  Z=   0.0000
          at point  X=142260.5642  Y=513747.8407  Z=   0.0000
          at point  X=142162.2108  Y=513721.0821  Z=   0.0000
          at point  X=133141.5583  Y=511855.1219  Z=   0.0000
          at point  X=129460.7027  Y=510992.4429  Z=   0.0000
          at point  X=129274.9630  Y=510692.1369  Z=   0.0000
          at point  X=127570.8235  Y=510292.7392  Z=   0.0000
          at point  X=127329.3620  Y=509902.3414  Z=   0.0000
          at point  X=125698.1512  Y=509520.0359  Z=   0.0000
          at point  X=125512.4115  Y=509219.7299  Z=   0.0000
          at point  X=124000.0903  Y=508865.2884  Z=   0.0000
          at point  X=124069.1783  Y=508611.6748  Z=   0.0000
          at point  X=125082.9484  Y=508849.2713  Z=   0.0000
          at point  X=125102.8719  Y=508764.2624  Z=   0.0000
          at point  X=125835.8056  Y=508936.0394  Z=   0.0000
          at point  X=125778.4496  Y=509179.3713  Z=   0.0000
          at point  X=127725.6847  Y=509635.7432  Z=   0.0000
          at point  X=127645.3863  Y=509976.4078  Z=   0.0000
          at point  X=129592.6215  Y=510432.7796  Z=   0.0000
          at point  X=129535.2655  Y=510676.1115  Z=   0.0000
          at point  X=133211.5675  Y=511537.7233  Z=   0.0000

                  LWPOLYLINE  Layer: "ñ êœ4"
                            Space: Model space
                   Color: BYLAYER    Linetype: "CONTINUOUS"
                   Handle = e1291d2
                   Group = *A17
            Closed 
    Constant width    0.0000
              area   13836991.7108
         perimeter   87017.9145 

Press ENTER to continue: 
          at point  X=145391.5125  Y=256178.9025  Z=   0.0000
          at point  X=141863.9488  Y=252460.6507  Z=   0.0000
          at point  X=141678.0579  Y=252410.0761  Z=   0.0000
          at point  X=132693.4993  Y=250551.5821  Z=   0.0000
          at point  X=131117.6006  Y=250182.2400  Z=   0.0000
          at point  X=123234.2022  Y=248341.8777  Z=   0.0000
          at point  X=123280.6672  Y=248171.3105  Z=   0.0000
          at point  X=131163.8750  Y=249982.5304  Z=   0.0000
          at point  X=132737.6590  Y=250351.3768  Z=   0.0000
          at point  X=141725.7749  Y=252210.6067  Z=   0.0000
          at point  X=141903.0383  Y=252258.8340  Z=   0.0000
          at point  X=145466.2277  Y=255713.5162  Z=   0.0000
          at point  X=149091.5203  Y=254274.6667  Z=   0.0000
          at point  X=148833.2910  Y=253624.0381  Z=   0.0000
          at point  X=155827.0773  Y=250310.3193  Z=   0.0000
          at point  X=159338.1731  Y=248916.7936  Z=   0.0000
          at point  X=159430.3978  Y=249149.1610  Z=   0.0000
          at point  X=162218.8063  Y=248042.4640  Z=   0.0000
          at point  X=162311.0311  Y=248274.8314  Z=   0.0000
          at point  X=159604.4159  Y=249349.0652  Z=   0.0000
          at point  X=159555.0857  Y=249463.3216  Z=   0.0000
          at point  X=155814.1704  Y=250948.0609  Z=   0.0000
          at point  X=149650.6999  Y=253701.9980  Z=   0.0000
          at point  X=149240.9244  Y=254651.1019  Z=   0.0000

                  LWPOLYLINE  Layer: "ñ êœ4"
                            Space: Model space
                   Color: BYLAYER    Linetype: "CONTINUOUS"
                   Handle = e1291d0
                   Group = *A17
            Closed 
    Constant width    0.0000
              area   195312.5000
         perimeter   2780.3301 

          at point  X=162311.0311  Y=248274.8314  Z=   0.0000
          at point  X=162126.5816  Y=247810.0967  Z=   0.0000
          at point  X=163056.0511  Y=247441.1977  Z=   0.0000
          at point  X=163102.1635  Y=247557.3814  Z=   0.0000
          at point  X=162521.2450  Y=247787.9432  Z=   0.0000

Command:  LIST

Select objects:  
Command:  LIST

Select objects:  
Command:  LIST

Select objects:  
Command:  LIST

Select objects:  
Command:  LIST

Select objects:  
Command:  LIST

Select objects:  
Command:  LIST

Select objects:  
Command:  LIST

Select objects:  
Command:  LIST

Select objects:  
Command:  LIST

Select objects:  
Command: *Cancel*

Command: LOGFILEOFF
